<?xml version="1.0" encoding="UTF-8"?>
<!-- Generated by org.testng.reporters.JUnitReportReporter -->
<testsuite hostname="LAPTOP-5FSSSPI9" failures="0" tests="1" name="testcases.ManageExpensePage" time="12.556" errors="0" timestamp="2023-01-31T18:45:32 IST" skipped="0">
  <testcase classname="testcases.ManageExpensePage" name="imageHandling" time="12.556"/>
  <system-out/>
</testsuite> <!-- testcases.ManageExpensePage -->
